<?xml version="1.0" encoding="UTF-8"?>
<!-- Generated by org.testng.reporters.JUnitReportReporter -->
<testsuite hostname="RAMYA" failures="0" tests="1" name="commonFunctions.FILWwriterr" time="0.008" errors="0" timestamp="2024-02-19T13:56:13 IST" skipped="0">
  <testcase classname="commonFunctions.FILWwriterr" name="file" time="0.008"/>
</testsuite> <!-- commonFunctions.FILWwriterr -->
