<?xml version="1.0" encoding="UTF-8"?>
<!-- Generated by org.testng.reporters.JUnitReportReporter -->
<testsuite hostname="RAMYA" failures="0" tests="1" name="driverFactory.AppTest" time="10.166" errors="0" timestamp="2024-02-22T11:50:54 IST" skipped="0">
  <testcase classname="driverFactory.AppTest" name="kickStart" time="10.166"/>
</testsuite> <!-- driverFactory.AppTest -->
